{"total": {"lines":{"total":385,"covered":222,"skipped":0,"pct":57.66},"statements":{"total":427,"covered":231,"skipped":0,"pct":54.09},"functions":{"total":101,"covered":58,"skipped":0,"pct":57.42},"branches":{"total":176,"covered":66,"skipped":0,"pct":37.5},"branchesTrue":{"total":0,"covered":0,"skipped":0,"pct":100}}
,"F:\\Phatnt-sources\\Chrome Extensions\\mobile-pet-app-source\\src\\api\\SyncManager.ts": {"lines":{"total":130,"covered":101,"skipped":0,"pct":77.69},"functions":{"total":28,"covered":22,"skipped":0,"pct":78.57},"statements":{"total":136,"covered":103,"skipped":0,"pct":75.73},"branches":{"total":47,"covered":30,"skipped":0,"pct":63.82}}
,"F:\\Phatnt-sources\\Chrome Extensions\\mobile-pet-app-source\\src\\api\\storage.ts": {"lines":{"total":45,"covered":38,"skipped":0,"pct":84.44},"functions":{"total":21,"covered":21,"skipped":0,"pct":100},"statements":{"total":53,"covered":41,"skipped":0,"pct":77.35},"branches":{"total":19,"covered":8,"skipped":0,"pct":42.1}}
,"F:\\Phatnt-sources\\Chrome Extensions\\mobile-pet-app-source\\src\\stores\\AuthStore.ts": {"lines":{"total":37,"covered":37,"skipped":0,"pct":100},"functions":{"total":9,"covered":9,"skipped":0,"pct":100},"statements":{"total":38,"covered":38,"skipped":0,"pct":100},"branches":{"total":4,"covered":4,"skipped":0,"pct":100}}
,"F:\\Phatnt-sources\\Chrome Extensions\\mobile-pet-app-source\\src\\stores\\SyncStore.ts": {"lines":{"total":23,"covered":0,"skipped":0,"pct":0},"functions":{"total":11,"covered":0,"skipped":0,"pct":0},"statements":{"total":28,"covered":0,"skipped":0,"pct":0},"branches":{"total":12,"covered":0,"skipped":0,"pct":0}}
,"F:\\Phatnt-sources\\Chrome Extensions\\mobile-pet-app-source\\src\\utils\\format.ts": {"lines":{"total":17,"covered":0,"skipped":0,"pct":0},"functions":{"total":3,"covered":0,"skipped":0,"pct":0},"statements":{"total":17,"covered":0,"skipped":0,"pct":0},"branches":{"total":10,"covered":0,"skipped":0,"pct":0}}
,"F:\\Phatnt-sources\\Chrome Extensions\\mobile-pet-app-source\\src\\utils\\haptics.ts": {"lines":{"total":57,"covered":0,"skipped":0,"pct":0},"functions":{"total":15,"covered":0,"skipped":0,"pct":0},"statements":{"total":69,"covered":0,"skipped":0,"pct":0},"branches":{"total":31,"covered":0,"skipped":0,"pct":0}}
,"F:\\Phatnt-sources\\Chrome Extensions\\mobile-pet-app-source\\src\\utils\\runtimeConfig.ts": {"lines":{"total":47,"covered":33,"skipped":0,"pct":70.21},"functions":{"total":7,"covered":6,"skipped":0,"pct":85.71},"statements":{"total":57,"covered":36,"skipped":0,"pct":63.15},"branches":{"total":47,"covered":24,"skipped":0,"pct":51.06}}
,"F:\\Phatnt-sources\\Chrome Extensions\\mobile-pet-app-source\\src\\utils\\theme.ts": {"lines":{"total":13,"covered":13,"skipped":0,"pct":100},"functions":{"total":0,"covered":0,"skipped":0,"pct":100},"statements":{"total":13,"covered":13,"skipped":0,"pct":100},"branches":{"total":0,"covered":0,"skipped":0,"pct":100}}
,"F:\\Phatnt-sources\\Chrome Extensions\\mobile-pet-app-source\\src\\utils\\useReducedMotion.ts": {"lines":{"total":12,"covered":0,"skipped":0,"pct":0},"functions":{"total":5,"covered":0,"skipped":0,"pct":0},"statements":{"total":12,"covered":0,"skipped":0,"pct":0},"branches":{"total":2,"covered":0,"skipped":0,"pct":0}}
,"F:\\Phatnt-sources\\Chrome Extensions\\mobile-pet-app-source\\src\\utils\\useReducedMotionDuration.ts": {"lines":{"total":2,"covered":0,"skipped":0,"pct":0},"functions":{"total":1,"covered":0,"skipped":0,"pct":0},"statements":{"total":2,"covered":0,"skipped":0,"pct":0},"branches":{"total":2,"covered":0,"skipped":0,"pct":0}}
,"F:\\Phatnt-sources\\Chrome Extensions\\mobile-pet-app-source\\src\\utils\\useTheme.ts": {"lines":{"total":2,"covered":0,"skipped":0,"pct":0},"functions":{"total":1,"covered":0,"skipped":0,"pct":0},"statements":{"total":2,"covered":0,"skipped":0,"pct":0},"branches":{"total":2,"covered":0,"skipped":0,"pct":0}}
}
